********************************************************************************
DUPLICATOR-LITE PACKAGE-LOG: April 27, 2020 2:34 pm
NOTICE: Do NOT post to public sites or forums 
********************************************************************************
VERSION:	1.3.30
WORDPRESS:	5.3.2
PHP INFO:	7.4.2 | SAPI: apache2handler
SERVER:		Apache/2.4.41 (Win64) OpenSSL/1.1.1c PHP/7.4.2 
PHP TIME LIMIT: (0) no time limit imposed 
PHP MAX MEMORY: 4294967296 (512M default) 
MEMORY STACK: 16MB

********************************************************************************
DATABASE:
********************************************************************************
BUILD MODE:   MYSQLDUMP
MYSQLTIMEOUT: 5000
MYSQLDUMP:    Is Supported
SQL CREATED: 20200427_rezichemhealthcarepvtltd_0ae09e902e9d755a5392_20200427143320_database.sql
SQL FILE SIZE: 1.41MB (1477839)
SQL FILE TIME: 2020-04-27 14:34:37
SQL RUNTIME: 5.06 sec.

********************************************************************************
ARCHIVE (ZIP):
********************************************************************************
ARCHIVE DIR:  C:/xampp/htdocs/dashboard/wordpress
ARCHIVE FILE: 20200427_rezichemhealthcarepvtltd_0ae09e902e9d755a5392_20200427143320_archive.zip
FILTERS: *OFF*
DIRS:
	not set
FILES:
	not set
EXTS:  not set
----------------------------------------
COMPRESSING
SIZE:	111.69MB
STATS:	Dirs 411 | Files 3,226
SQL ADDED: 20200427_rezichemhealthcarepvtltd_0ae09e902e9d755a5392_20200427143320_database.sql
ZipArchive Object
(
    [status] => 0
    [statusSys] => 0
    [numFiles] => 3637
    [filename] => C:\xampp\htdocs\dashboard\wordpress\wp-snapshots\tmp\20200427_rezichemhealthcarepvtltd_0ae09e902e9d755a5392_20200427143320_archive.zip
    [comment] => 
)

FILE ADDED TO ZIP: 3636
COMPRESSION RESULT: '1'
COMPRESSED SIZE: 72.16MB
ARCHIVE RUNTIME: 74.82 sec.
MEMORY STACK: 16MB
building installer
add_extra_files1
add_extra_files2
add_extra_files3
add_extra_files4
Doing archive file check
add_extra_files5
add_extra_files6
add_extra_files8
Successfully opened zip C:/xampp/htdocs/dashboard/wordpress/wp-snapshots/tmp/20200427_rezichemhealthcarepvtltd_0ae09e902e9d755a5392_20200427143320_archive.zip
Adding enhanced installer files to archive using ZipArchive
Installer files added to archive
Added to archive
After ziparchive close when adding installer

********************************************************************************
INTEGRITY CHECKS:
********************************************************************************
SQL FILE: 1.41MB
INSTALLER FILE: 61.33KB
ARCHIVE FILE: 73.48MB 
EXPECTED FILE/DIRECTORY COUNT: 3,637
ACTUAL FILE/DIRECTORY COUNT: 3,636
ARCHIVE CONSISTENCY TEST: Pass

********************************************************************************
RECORD ID:[1]
TOTAL PROCESS RUNTIME: 90.30 sec.
PEAK PHP MEMORY USED: 18MB
DONE PROCESSING => 20200427_rezichemhealthcarepvtltd April 27, 2020 2:36 pm

